<?xml version="1.0" encoding="UTF-8"?>
<!-- Generated by org.testng.reporters.JUnitReportReporter -->
<testsuite hostname="DESKTOP-245N5OC" failures="0" tests="1" name="swiggyTest.TestCases" time="53.845" errors="0" timestamp="2022-09-28T14:56:20 IST" skipped="0">
  <testcase classname="swiggyTest.TestCases" name="TestCase1" time="53.845"/>
  <system-out/>
</testsuite> <!-- swiggyTest.TestCases -->
